<?xml version="1.0" encoding="UTF-8"?>
<!-- Generated by org.testng.reporters.JUnitReportReporter -->
<testsuite skipped="0" hostname="Khai-HomeOffice" name="com.qa.test.LoginPageTest" tests="1" failures="0" timestamp="24 Apr 2018 14:15:56 GMT" time="0.024" errors="0">
  <testcase name="loginTest" time="0.024" classname="com.qa.test.LoginPageTest"/>
</testsuite> <!-- com.qa.test.LoginPageTest -->
