<?xml version="1.0" encoding="UTF-8"?>
<!-- Generated by org.testng.reporters.JUnitReportReporter -->
<testsuite skipped="0" hostname="Khai-HomeOffice" name="com.qa.test.LoginPageTest" tests="2" failures="0" timestamp="20 May 2018 19:42:23 GMT" time="2.295" errors="0">
  <testcase name="verifyUserLabelTest" time="0.303" classname="com.qa.test.LoginPageTest"/>
  <testcase name="verifyMyAccountTest" time="1.992" classname="com.qa.test.LoginPageTest"/>
</testsuite> <!-- com.qa.test.LoginPageTest -->
